<?xml version="1.0" encoding="UTF-8"?>
<testsuite xmlns:xsi="http://www.w3.org/2001/XMLSchema-instance" xsi:noNamespaceSchemaLocation="https://maven.apache.org/surefire/maven-surefire-plugin/xsd/surefire-test-report-3.0.xsd" version="3.0" name="TestSuite" time="34.007" tests="1" errors="0" skipped="0" failures="0">
  <properties>
    <property name="java.specification.version" value="21"/>
    <property name="sun.cpu.isalist" value="amd64"/>
    <property name="sun.jnu.encoding" value="Cp1252"/>
    <property name="java.class.path" value="D:\InterView Praperation\AutomationPractice\target\test-classes;D:\InterView Praperation\AutomationPractice\target\classes;C:\Users\HP\.m2\repository\io\cucumber\cucumber-java\7.20.1\cucumber-java-7.20.1.jar;C:\Users\HP\.m2\repository\io\cucumber\cucumber-core\7.20.1\cucumber-core-7.20.1.jar;C:\Users\HP\.m2\repository\io\cucumber\cucumber-gherkin\7.20.1\cucumber-gherkin-7.20.1.jar;C:\Users\HP\.m2\repository\io\cucumber\cucumber-gherkin-messages\7.20.1\cucumber-gherkin-messages-7.20.1.jar;C:\Users\HP\.m2\repository\io\cucumber\gherkin\28.0.0\gherkin-28.0.0.jar;C:\Users\HP\.m2\repository\io\cucumber\messages\24.1.0\messages-24.1.0.jar;C:\Users\HP\.m2\repository\io\cucumber\testng-xml-formatter\0.2.0\testng-xml-formatter-0.2.0.jar;C:\Users\HP\.m2\repository\io\cucumber\query\12.2.0\query-12.2.0.jar;C:\Users\HP\.m2\repository\io\cucumber\tag-expressions\6.1.0\tag-expressions-6.1.0.jar;C:\Users\HP\.m2\repository\io\cucumber\cucumber-expressions\17.1.0\cucumber-expressions-17.1.0.jar;C:\Users\HP\.m2\repository\io\cucumber\datatable\7.20.1\datatable-7.20.1.jar;C:\Users\HP\.m2\repository\io\cucumber\cucumber-plugin\7.20.1\cucumber-plugin-7.20.1.jar;C:\Users\HP\.m2\repository\io\cucumber\docstring\7.20.1\docstring-7.20.1.jar;C:\Users\HP\.m2\repository\io\cucumber\html-formatter\21.7.0\html-formatter-21.7.0.jar;C:\Users\HP\.m2\repository\io\cucumber\junit-xml-formatter\0.5.0\junit-xml-formatter-0.5.0.jar;C:\Users\HP\.m2\repository\io\cucumber\ci-environment\10.0.1\ci-environment-10.0.1.jar;C:\Users\HP\.m2\repository\org\apiguardian\apiguardian-api\1.1.2\apiguardian-api-1.1.2.jar;C:\Users\HP\.m2\repository\org\testng\testng\7.10.2\testng-7.10.2.jar;C:\Users\HP\.m2\repository\org\slf4j\slf4j-api\1.7.36\slf4j-api-1.7.36.jar;C:\Users\HP\.m2\repository\com\beust\jcommander\1.82\jcommander-1.82.jar;C:\Users\HP\.m2\repository\org\webjars\jquery\3.7.1\jquery-3.7.1.jar;C:\Users\HP\.m2\repository\org\seleniumhq\selenium\selenium-java\4.29.0\selenium-java-4.29.0.jar;C:\Users\HP\.m2\repository\org\seleniumhq\selenium\selenium-api\4.29.0\selenium-api-4.29.0.jar;C:\Users\HP\.m2\repository\org\jspecify\jspecify\1.0.0\jspecify-1.0.0.jar;C:\Users\HP\.m2\repository\org\seleniumhq\selenium\selenium-chrome-driver\4.29.0\selenium-chrome-driver-4.29.0.jar;C:\Users\HP\.m2\repository\com\google\auto\service\auto-service-annotations\1.1.1\auto-service-annotations-1.1.1.jar;C:\Users\HP\.m2\repository\org\seleniumhq\selenium\selenium-chromium-driver\4.29.0\selenium-chromium-driver-4.29.0.jar;C:\Users\HP\.m2\repository\org\seleniumhq\selenium\selenium-json\4.29.0\selenium-json-4.29.0.jar;C:\Users\HP\.m2\repository\org\seleniumhq\selenium\selenium-manager\4.29.0\selenium-manager-4.29.0.jar;C:\Users\HP\.m2\repository\org\seleniumhq\selenium\selenium-devtools-v131\4.29.0\selenium-devtools-v131-4.29.0.jar;C:\Users\HP\.m2\repository\org\seleniumhq\selenium\selenium-devtools-v132\4.29.0\selenium-devtools-v132-4.29.0.jar;C:\Users\HP\.m2\repository\org\seleniumhq\selenium\selenium-devtools-v133\4.29.0\selenium-devtools-v133-4.29.0.jar;C:\Users\HP\.m2\repository\org\seleniumhq\selenium\selenium-devtools-v85\4.29.0\selenium-devtools-v85-4.29.0.jar;C:\Users\HP\.m2\repository\org\seleniumhq\selenium\selenium-edge-driver\4.29.0\selenium-edge-driver-4.29.0.jar;C:\Users\HP\.m2\repository\org\seleniumhq\selenium\selenium-firefox-driver\4.29.0\selenium-firefox-driver-4.29.0.jar;C:\Users\HP\.m2\repository\org\seleniumhq\selenium\selenium-http\4.29.0\selenium-http-4.29.0.jar;C:\Users\HP\.m2\repository\org\seleniumhq\selenium\selenium-ie-driver\4.29.0\selenium-ie-driver-4.29.0.jar;C:\Users\HP\.m2\repository\org\seleniumhq\selenium\selenium-remote-driver\4.29.0\selenium-remote-driver-4.29.0.jar;C:\Users\HP\.m2\repository\com\google\guava\guava\33.4.0-jre\guava-33.4.0-jre.jar;C:\Users\HP\.m2\repository\com\google\guava\failureaccess\1.0.2\failureaccess-1.0.2.jar;C:\Users\HP\.m2\repository\com\google\guava\listenablefuture\9999.0-empty-to-avoid-conflict-with-guava\listenablefuture-9999.0-empty-to-avoid-conflict-with-guava.jar;C:\Users\HP\.m2\repository\com\google\code\findbugs\jsr305\3.0.2\jsr305-3.0.2.jar;C:\Users\HP\.m2\repository\org\checkerframework\checker-qual\3.43.0\checker-qual-3.43.0.jar;C:\Users\HP\.m2\repository\com\google\j2objc\j2objc-annotations\3.0.0\j2objc-annotations-3.0.0.jar;C:\Users\HP\.m2\repository\io\opentelemetry\semconv\opentelemetry-semconv\1.28.0-alpha\opentelemetry-semconv-1.28.0-alpha.jar;C:\Users\HP\.m2\repository\io\opentelemetry\opentelemetry-api\1.46.0\opentelemetry-api-1.46.0.jar;C:\Users\HP\.m2\repository\io\opentelemetry\opentelemetry-context\1.46.0\opentelemetry-context-1.46.0.jar;C:\Users\HP\.m2\repository\io\opentelemetry\opentelemetry-exporter-logging\1.46.0\opentelemetry-exporter-logging-1.46.0.jar;C:\Users\HP\.m2\repository\io\opentelemetry\opentelemetry-sdk-common\1.46.0\opentelemetry-sdk-common-1.46.0.jar;C:\Users\HP\.m2\repository\io\opentelemetry\opentelemetry-sdk-extension-autoconfigure-spi\1.46.0\opentelemetry-sdk-extension-autoconfigure-spi-1.46.0.jar;C:\Users\HP\.m2\repository\io\opentelemetry\opentelemetry-sdk-extension-autoconfigure\1.46.0\opentelemetry-sdk-extension-autoconfigure-1.46.0.jar;C:\Users\HP\.m2\repository\io\opentelemetry\opentelemetry-api-incubator\1.46.0-alpha\opentelemetry-api-incubator-1.46.0-alpha.jar;C:\Users\HP\.m2\repository\io\opentelemetry\opentelemetry-sdk-trace\1.46.0\opentelemetry-sdk-trace-1.46.0.jar;C:\Users\HP\.m2\repository\io\opentelemetry\opentelemetry-sdk\1.46.0\opentelemetry-sdk-1.46.0.jar;C:\Users\HP\.m2\repository\io\opentelemetry\opentelemetry-sdk-metrics\1.46.0\opentelemetry-sdk-metrics-1.46.0.jar;C:\Users\HP\.m2\repository\io\opentelemetry\opentelemetry-sdk-logs\1.46.0\opentelemetry-sdk-logs-1.46.0.jar;C:\Users\HP\.m2\repository\net\bytebuddy\byte-buddy\1.15.11\byte-buddy-1.15.11.jar;C:\Users\HP\.m2\repository\org\seleniumhq\selenium\selenium-os\4.29.0\selenium-os-4.29.0.jar;C:\Users\HP\.m2\repository\org\apache\commons\commons-exec\1.4.0\commons-exec-1.4.0.jar;C:\Users\HP\.m2\repository\org\seleniumhq\selenium\selenium-safari-driver\4.29.0\selenium-safari-driver-4.29.0.jar;C:\Users\HP\.m2\repository\org\seleniumhq\selenium\selenium-support\4.29.0\selenium-support-4.29.0.jar;C:\Users\HP\.m2\repository\io\rest-assured\rest-assured\5.5.0\rest-assured-5.5.0.jar;C:\Users\HP\.m2\repository\org\apache\groovy\groovy\4.0.22\groovy-4.0.22.jar;C:\Users\HP\.m2\repository\org\apache\groovy\groovy-xml\4.0.22\groovy-xml-4.0.22.jar;C:\Users\HP\.m2\repository\org\apache\httpcomponents\httpclient\4.5.13\httpclient-4.5.13.jar;C:\Users\HP\.m2\repository\org\apache\httpcomponents\httpcore\4.4.13\httpcore-4.4.13.jar;C:\Users\HP\.m2\repository\commons-logging\commons-logging\1.2\commons-logging-1.2.jar;C:\Users\HP\.m2\repository\commons-codec\commons-codec\1.11\commons-codec-1.11.jar;C:\Users\HP\.m2\repository\org\apache\httpcomponents\httpmime\4.5.13\httpmime-4.5.13.jar;C:\Users\HP\.m2\repository\org\hamcrest\hamcrest\2.2\hamcrest-2.2.jar;C:\Users\HP\.m2\repository\org\ccil\cowan\tagsoup\tagsoup\1.2.1\tagsoup-1.2.1.jar;C:\Users\HP\.m2\repository\io\rest-assured\json-path\5.5.0\json-path-5.5.0.jar;C:\Users\HP\.m2\repository\org\apache\groovy\groovy-json\4.0.22\groovy-json-4.0.22.jar;C:\Users\HP\.m2\repository\io\rest-assured\rest-assured-common\5.5.0\rest-assured-common-5.5.0.jar;C:\Users\HP\.m2\repository\io\rest-assured\xml-path\5.5.0\xml-path-5.5.0.jar;C:\Users\HP\.m2\repository\org\apache\commons\commons-lang3\3.11\commons-lang3-3.11.jar;C:\Users\HP\.m2\repository\com\jayway\jsonpath\json-path\2.9.0\json-path-2.9.0.jar;C:\Users\HP\.m2\repository\net\minidev\json-smart\2.5.0\json-smart-2.5.0.jar;C:\Users\HP\.m2\repository\net\minidev\accessors-smart\2.5.0\accessors-smart-2.5.0.jar;C:\Users\HP\.m2\repository\org\ow2\asm\asm\9.3\asm-9.3.jar;C:\Users\HP\.m2\repository\io\appium\java-client\9.3.0\java-client-9.3.0.jar;C:\Users\HP\.m2\repository\com\google\code\gson\gson\2.11.0\gson-2.11.0.jar;C:\Users\HP\.m2\repository\com\google\errorprone\error_prone_annotations\2.27.0\error_prone_annotations-2.27.0.jar;"/>
    <property name="java.vm.vendor" value="Oracle Corporation"/>
    <property name="sun.arch.data.model" value="64"/>
    <property name="user.variant" value=""/>
    <property name="java.vendor.url" value="https://java.oracle.com/"/>
    <property name="user.timezone" value="Asia/Calcutta"/>
    <property name="os.name" value="Windows 10"/>
    <property name="java.vm.specification.version" value="21"/>
    <property name="sun.java.launcher" value="SUN_STANDARD"/>
    <property name="user.country" value="IN"/>
    <property name="sun.boot.library.path" value="C:\Program Files\Java\jdk-21\bin"/>
    <property name="sun.java.command" value="C:\Windows\Temp\surefire9244071654199916159\surefirebooter-20250524123500797_3.jar C:\Windows\Temp\surefire9244071654199916159 2025-05-24T12-35-00_512-jvmRun1 surefire-20250524123500797_1tmp surefire_0-20250524123500797_2tmp"/>
    <property name="jdk.debug" value="release"/>
    <property name="surefire.test.class.path" value="D:\InterView Praperation\AutomationPractice\target\test-classes;D:\InterView Praperation\AutomationPractice\target\classes;C:\Users\HP\.m2\repository\io\cucumber\cucumber-java\7.20.1\cucumber-java-7.20.1.jar;C:\Users\HP\.m2\repository\io\cucumber\cucumber-core\7.20.1\cucumber-core-7.20.1.jar;C:\Users\HP\.m2\repository\io\cucumber\cucumber-gherkin\7.20.1\cucumber-gherkin-7.20.1.jar;C:\Users\HP\.m2\repository\io\cucumber\cucumber-gherkin-messages\7.20.1\cucumber-gherkin-messages-7.20.1.jar;C:\Users\HP\.m2\repository\io\cucumber\gherkin\28.0.0\gherkin-28.0.0.jar;C:\Users\HP\.m2\repository\io\cucumber\messages\24.1.0\messages-24.1.0.jar;C:\Users\HP\.m2\repository\io\cucumber\testng-xml-formatter\0.2.0\testng-xml-formatter-0.2.0.jar;C:\Users\HP\.m2\repository\io\cucumber\query\12.2.0\query-12.2.0.jar;C:\Users\HP\.m2\repository\io\cucumber\tag-expressions\6.1.0\tag-expressions-6.1.0.jar;C:\Users\HP\.m2\repository\io\cucumber\cucumber-expressions\17.1.0\cucumber-expressions-17.1.0.jar;C:\Users\HP\.m2\repository\io\cucumber\datatable\7.20.1\datatable-7.20.1.jar;C:\Users\HP\.m2\repository\io\cucumber\cucumber-plugin\7.20.1\cucumber-plugin-7.20.1.jar;C:\Users\HP\.m2\repository\io\cucumber\docstring\7.20.1\docstring-7.20.1.jar;C:\Users\HP\.m2\repository\io\cucumber\html-formatter\21.7.0\html-formatter-21.7.0.jar;C:\Users\HP\.m2\repository\io\cucumber\junit-xml-formatter\0.5.0\junit-xml-formatter-0.5.0.jar;C:\Users\HP\.m2\repository\io\cucumber\ci-environment\10.0.1\ci-environment-10.0.1.jar;C:\Users\HP\.m2\repository\org\apiguardian\apiguardian-api\1.1.2\apiguardian-api-1.1.2.jar;C:\Users\HP\.m2\repository\org\testng\testng\7.10.2\testng-7.10.2.jar;C:\Users\HP\.m2\repository\org\slf4j\slf4j-api\1.7.36\slf4j-api-1.7.36.jar;C:\Users\HP\.m2\repository\com\beust\jcommander\1.82\jcommander-1.82.jar;C:\Users\HP\.m2\repository\org\webjars\jquery\3.7.1\jquery-3.7.1.jar;C:\Users\HP\.m2\repository\org\seleniumhq\selenium\selenium-java\4.29.0\selenium-java-4.29.0.jar;C:\Users\HP\.m2\repository\org\seleniumhq\selenium\selenium-api\4.29.0\selenium-api-4.29.0.jar;C:\Users\HP\.m2\repository\org\jspecify\jspecify\1.0.0\jspecify-1.0.0.jar;C:\Users\HP\.m2\repository\org\seleniumhq\selenium\selenium-chrome-driver\4.29.0\selenium-chrome-driver-4.29.0.jar;C:\Users\HP\.m2\repository\com\google\auto\service\auto-service-annotations\1.1.1\auto-service-annotations-1.1.1.jar;C:\Users\HP\.m2\repository\org\seleniumhq\selenium\selenium-chromium-driver\4.29.0\selenium-chromium-driver-4.29.0.jar;C:\Users\HP\.m2\repository\org\seleniumhq\selenium\selenium-json\4.29.0\selenium-json-4.29.0.jar;C:\Users\HP\.m2\repository\org\seleniumhq\selenium\selenium-manager\4.29.0\selenium-manager-4.29.0.jar;C:\Users\HP\.m2\repository\org\seleniumhq\selenium\selenium-devtools-v131\4.29.0\selenium-devtools-v131-4.29.0.jar;C:\Users\HP\.m2\repository\org\seleniumhq\selenium\selenium-devtools-v132\4.29.0\selenium-devtools-v132-4.29.0.jar;C:\Users\HP\.m2\repository\org\seleniumhq\selenium\selenium-devtools-v133\4.29.0\selenium-devtools-v133-4.29.0.jar;C:\Users\HP\.m2\repository\org\seleniumhq\selenium\selenium-devtools-v85\4.29.0\selenium-devtools-v85-4.29.0.jar;C:\Users\HP\.m2\repository\org\seleniumhq\selenium\selenium-edge-driver\4.29.0\selenium-edge-driver-4.29.0.jar;C:\Users\HP\.m2\repository\org\seleniumhq\selenium\selenium-firefox-driver\4.29.0\selenium-firefox-driver-4.29.0.jar;C:\Users\HP\.m2\repository\org\seleniumhq\selenium\selenium-http\4.29.0\selenium-http-4.29.0.jar;C:\Users\HP\.m2\repository\org\seleniumhq\selenium\selenium-ie-driver\4.29.0\selenium-ie-driver-4.29.0.jar;C:\Users\HP\.m2\repository\org\seleniumhq\selenium\selenium-remote-driver\4.29.0\selenium-remote-driver-4.29.0.jar;C:\Users\HP\.m2\repository\com\google\guava\guava\33.4.0-jre\guava-33.4.0-jre.jar;C:\Users\HP\.m2\repository\com\google\guava\failureaccess\1.0.2\failureaccess-1.0.2.jar;C:\Users\HP\.m2\repository\com\google\guava\listenablefuture\9999.0-empty-to-avoid-conflict-with-guava\listenablefuture-9999.0-empty-to-avoid-conflict-with-guava.jar;C:\Users\HP\.m2\repository\com\google\code\findbugs\jsr305\3.0.2\jsr305-3.0.2.jar;C:\Users\HP\.m2\repository\org\checkerframework\checker-qual\3.43.0\checker-qual-3.43.0.jar;C:\Users\HP\.m2\repository\com\google\j2objc\j2objc-annotations\3.0.0\j2objc-annotations-3.0.0.jar;C:\Users\HP\.m2\repository\io\opentelemetry\semconv\opentelemetry-semconv\1.28.0-alpha\opentelemetry-semconv-1.28.0-alpha.jar;C:\Users\HP\.m2\repository\io\opentelemetry\opentelemetry-api\1.46.0\opentelemetry-api-1.46.0.jar;C:\Users\HP\.m2\repository\io\opentelemetry\opentelemetry-context\1.46.0\opentelemetry-context-1.46.0.jar;C:\Users\HP\.m2\repository\io\opentelemetry\opentelemetry-exporter-logging\1.46.0\opentelemetry-exporter-logging-1.46.0.jar;C:\Users\HP\.m2\repository\io\opentelemetry\opentelemetry-sdk-common\1.46.0\opentelemetry-sdk-common-1.46.0.jar;C:\Users\HP\.m2\repository\io\opentelemetry\opentelemetry-sdk-extension-autoconfigure-spi\1.46.0\opentelemetry-sdk-extension-autoconfigure-spi-1.46.0.jar;C:\Users\HP\.m2\repository\io\opentelemetry\opentelemetry-sdk-extension-autoconfigure\1.46.0\opentelemetry-sdk-extension-autoconfigure-1.46.0.jar;C:\Users\HP\.m2\repository\io\opentelemetry\opentelemetry-api-incubator\1.46.0-alpha\opentelemetry-api-incubator-1.46.0-alpha.jar;C:\Users\HP\.m2\repository\io\opentelemetry\opentelemetry-sdk-trace\1.46.0\opentelemetry-sdk-trace-1.46.0.jar;C:\Users\HP\.m2\repository\io\opentelemetry\opentelemetry-sdk\1.46.0\opentelemetry-sdk-1.46.0.jar;C:\Users\HP\.m2\repository\io\opentelemetry\opentelemetry-sdk-metrics\1.46.0\opentelemetry-sdk-metrics-1.46.0.jar;C:\Users\HP\.m2\repository\io\opentelemetry\opentelemetry-sdk-logs\1.46.0\opentelemetry-sdk-logs-1.46.0.jar;C:\Users\HP\.m2\repository\net\bytebuddy\byte-buddy\1.15.11\byte-buddy-1.15.11.jar;C:\Users\HP\.m2\repository\org\seleniumhq\selenium\selenium-os\4.29.0\selenium-os-4.29.0.jar;C:\Users\HP\.m2\repository\org\apache\commons\commons-exec\1.4.0\commons-exec-1.4.0.jar;C:\Users\HP\.m2\repository\org\seleniumhq\selenium\selenium-safari-driver\4.29.0\selenium-safari-driver-4.29.0.jar;C:\Users\HP\.m2\repository\org\seleniumhq\selenium\selenium-support\4.29.0\selenium-support-4.29.0.jar;C:\Users\HP\.m2\repository\io\rest-assured\rest-assured\5.5.0\rest-assured-5.5.0.jar;C:\Users\HP\.m2\repository\org\apache\groovy\groovy\4.0.22\groovy-4.0.22.jar;C:\Users\HP\.m2\repository\org\apache\groovy\groovy-xml\4.0.22\groovy-xml-4.0.22.jar;C:\Users\HP\.m2\repository\org\apache\httpcomponents\httpclient\4.5.13\httpclient-4.5.13.jar;C:\Users\HP\.m2\repository\org\apache\httpcomponents\httpcore\4.4.13\httpcore-4.4.13.jar;C:\Users\HP\.m2\repository\commons-logging\commons-logging\1.2\commons-logging-1.2.jar;C:\Users\HP\.m2\repository\commons-codec\commons-codec\1.11\commons-codec-1.11.jar;C:\Users\HP\.m2\repository\org\apache\httpcomponents\httpmime\4.5.13\httpmime-4.5.13.jar;C:\Users\HP\.m2\repository\org\hamcrest\hamcrest\2.2\hamcrest-2.2.jar;C:\Users\HP\.m2\repository\org\ccil\cowan\tagsoup\tagsoup\1.2.1\tagsoup-1.2.1.jar;C:\Users\HP\.m2\repository\io\rest-assured\json-path\5.5.0\json-path-5.5.0.jar;C:\Users\HP\.m2\repository\org\apache\groovy\groovy-json\4.0.22\groovy-json-4.0.22.jar;C:\Users\HP\.m2\repository\io\rest-assured\rest-assured-common\5.5.0\rest-assured-common-5.5.0.jar;C:\Users\HP\.m2\repository\io\rest-assured\xml-path\5.5.0\xml-path-5.5.0.jar;C:\Users\HP\.m2\repository\org\apache\commons\commons-lang3\3.11\commons-lang3-3.11.jar;C:\Users\HP\.m2\repository\com\jayway\jsonpath\json-path\2.9.0\json-path-2.9.0.jar;C:\Users\HP\.m2\repository\net\minidev\json-smart\2.5.0\json-smart-2.5.0.jar;C:\Users\HP\.m2\repository\net\minidev\accessors-smart\2.5.0\accessors-smart-2.5.0.jar;C:\Users\HP\.m2\repository\org\ow2\asm\asm\9.3\asm-9.3.jar;C:\Users\HP\.m2\repository\io\appium\java-client\9.3.0\java-client-9.3.0.jar;C:\Users\HP\.m2\repository\com\google\code\gson\gson\2.11.0\gson-2.11.0.jar;C:\Users\HP\.m2\repository\com\google\errorprone\error_prone_annotations\2.27.0\error_prone_annotations-2.27.0.jar;"/>
    <property name="sun.cpu.endian" value="little"/>
    <property name="user.home" value="C:\Users\HP"/>
    <property name="user.language" value="en"/>
    <property name="java.specification.vendor" value="Oracle Corporation"/>
    <property name="java.version.date" value="2024-01-16"/>
    <property name="java.home" value="C:\Program Files\Java\jdk-21"/>
    <property name="file.separator" value="\"/>
    <property name="basedir" value="D:\InterView Praperation\AutomationPractice"/>
    <property name="java.vm.compressedOopsMode" value="32-bit"/>
    <property name="line.separator" value="&#10;"/>
    <property name="java.vm.specification.vendor" value="Oracle Corporation"/>
    <property name="java.specification.name" value="Java Platform API Specification"/>
    <property name="surefire.real.class.path" value="C:\Windows\Temp\surefire9244071654199916159\surefirebooter-20250524123500797_3.jar"/>
    <property name="user.script" value=""/>
    <property name="sun.management.compiler" value="HotSpot 64-Bit Tiered Compilers"/>
    <property name="java.runtime.version" value="21.0.2+13-LTS-58"/>
    <property name="user.name" value="HP"/>
    <property name="stdout.encoding" value="Cp1252"/>
    <property name="path.separator" value=";"/>
    <property name="os.version" value="10.0"/>
    <property name="java.runtime.name" value="Java(TM) SE Runtime Environment"/>
    <property name="file.encoding" value="UTF-8"/>
    <property name="java.vm.name" value="Java HotSpot(TM) 64-Bit Server VM"/>
    <property name="localRepository" value="C:\Users\HP\.m2\repository"/>
    <property name="java.vendor.url.bug" value="https://bugreport.java.com/bugreport/"/>
    <property name="java.io.tmpdir" value="C:\Windows\TEMP\"/>
    <property name="java.version" value="21.0.2"/>
    <property name="user.dir" value="D:\InterView Praperation\AutomationPractice"/>
    <property name="os.arch" value="amd64"/>
    <property name="java.vm.specification.name" value="Java Virtual Machine Specification"/>
    <property name="sun.os.patch.level" value="Service Pack 1"/>
    <property name="native.encoding" value="Cp1252"/>
    <property name="java.library.path" value="C:\Program Files\Java\jdk-21\bin;C:\Windows\Sun\Java\bin;C:\Windows\system32;C:\Windows;C:\Users\HP\AppData\Local\Android\Sdk\platform-tools;C:\Windows\system32;C:\Windows;C:\Windows\System32\Wbem;C:\Windows\System32\WindowsPowerShell\v1.0\;C:\Windows\System32\OpenSSH\;C:\Program Files\dotnet\;C:\Program Files\MySQL\MySQL Server 8.0\bin;C:\MinGW\bin;C:\Program Files (x86)\Microsoft SQL Server\160\Tools\Binn\;C:\Program Files\Microsoft SQL Server\160\Tools\Binn\;C:\Program Files\Microsoft SQL Server\Client SDK\ODBC\170\Tools\Binn\;C:\Program Files\Microsoft SQL Server\160\DTS\Binn\;C:\Program Files\Azure Data Studio\bin;C:\Users\HP\AppData\Local\Programs\Python\Python312;C:\Users\HP\AppData\Local\Programs\Python\Python312\Scripts;C:\xampp\php;%ANDROID_HOME%\build-tools;%ANDROID_HOME%\platforms;C:\Program Files\Java\jdk-21\bin;C:\Program Files\nodejs;C:\Users\HP\AppData\Roaming\npm;C:\Program Files\TortoiseGit\bin;C:\Program Files\Java\jdk-21\bin;C:\apache-maven-3.9.9-bin\apache-maven-3.9.9\bin;C:\Users\HP\AppData\Roaming\npm;C:\Program Files\nodejs;C:\Users\HP\AppData\Local\Android\Sdk\platform-tools;%ANDROID_HOME%\buid-tools;%ANDROID_HOME%\platforms;C:\Program Files\nodejs\;D:\github\Git\cmd;D:\Tech\apache-maven-3.9.9\bin;C:\Program Files\MySQL\MySQL Shell 8.0\bin\;C:\Users\HP\AppData\Local\Programs\Python\Python312\Scripts\;C:\Users\HP\AppData\Local\Programs\Python\Python312\;C:\Users\HP\AppData\Local\Programs\Microsoft VS Code\bin;C:\Program Files\Java\jdk-21;."/>
    <property name="java.vm.info" value="mixed mode, sharing"/>
    <property name="stderr.encoding" value="Cp1252"/>
    <property name="java.vendor" value="Oracle Corporation"/>
    <property name="java.vm.version" value="21.0.2+13-LTS-58"/>
    <property name="sun.io.unicode.encoding" value="UnicodeLittle"/>
    <property name="java.class.version" value="65.0"/>
  </properties>
  <testcase name="checkBrokenLinks" classname="automationPractice.FindBrokenLink" time="33.068">
    <system-out><![CDATA[#main-content - Exception: no protocol: #main-content
https://scanner.browserstack.com/?source=neutral - OK
/ - Exception: no protocol: /
/live - Exception: no protocol: /live
/bug-capture - Exception: no protocol: /bug-capture
/accessibility-testing - Exception: no protocol: /accessibility-testing
https://requestly.com - OK
/website-scanner - Exception: no protocol: /website-scanner
/automate - Exception: no protocol: /automate
/automate-turboscale - Exception: no protocol: /automate-turboscale
/accessibility-testing/features/automated-tests - Exception: no protocol: /accessibility-testing/features/automated-tests
/percy - Exception: no protocol: /percy
/low-code-automation - Exception: no protocol: /low-code-automation
/test-management - Exception: no protocol: /test-management
/test-reporting-and-analytics - Exception: no protocol: /test-reporting-and-analytics
/enterprise?ref=header-web-testing - Exception: no protocol: /enterprise?ref=header-web-testing
/codequality?ref=header-web-testing - Exception: no protocol: /codequality?ref=header-web-testing
/live - Exception: no protocol: /live
/percy - Exception: no protocol: /percy
/test-reporting-and-analytics - Exception: no protocol: /test-reporting-and-analytics
/low-code-automation - Exception: no protocol: /low-code-automation
/accessibility-testing/features/automated-tests - Exception: no protocol: /accessibility-testing/features/automated-tests
/automate - Exception: no protocol: /automate
/accessibility-testing - Exception: no protocol: /accessibility-testing
/test-management - Exception: no protocol: /test-management
/automate-turboscale - Exception: no protocol: /automate-turboscale
/app-live - Exception: no protocol: /app-live
/app-accessibility-testing - Exception: no protocol: /app-accessibility-testing
/app-automate - Exception: no protocol: /app-automate
/app-percy - Exception: no protocol: /app-percy
/test-management - Exception: no protocol: /test-management
/test-reporting-and-analytics - Exception: no protocol: /test-reporting-and-analytics
/enterprise?ref=header-web-testing - Exception: no protocol: /enterprise?ref=header-web-testing
/codequality?ref=header-web-testing - Exception: no protocol: /codequality?ref=header-web-testing
/app-live - Exception: no protocol: /app-live
/app-percy - Exception: no protocol: /app-percy
/test-management - Exception: no protocol: /test-management
/app-automate - Exception: no protocol: /app-automate
/test-reporting-and-analytics - Exception: no protocol: /test-reporting-and-analytics
/app-accessibility-testing - Exception: no protocol: /app-accessibility-testing
/enterprise?ref=header-web-testing - Exception: no protocol: /enterprise?ref=header-web-testing
/codequality?ref=header-web-testing - Exception: no protocol: /codequality?ref=header-web-testing
/enterprise?ref=header-app-testing - Exception: no protocol: /enterprise?ref=header-app-testing
/codequality?ref=header-app-testing - Exception: no protocol: /codequality?ref=header-app-testing
/web-testing-solutions - Exception: no protocol: /web-testing-solutions
/app-testing-solutions - Exception: no protocol: /app-testing-solutions
/scale-automation-solutions - Exception: no protocol: /scale-automation-solutions
/real-device-cloud - Exception: no protocol: /real-device-cloud
/docs - Exception: no protocol: /docs
/support - Exception: no protocol: /support
https://status.browserstack.com - OK
/release-notes - Exception: no protocol: /release-notes
/open-source - Exception: no protocol: /open-source
/events - Exception: no protocol: /events
/meetups - Exception: no protocol: /meetups
/browserstack-champions - Exception: no protocol: /browserstack-champions
/community - Exception: no protocol: /community
/discord - Exception: no protocol: /discord
/live-for-teams - Exception: no protocol: /live-for-teams
/test-platform - Exception: no protocol: /test-platform
/browserstack-ai - Exception: no protocol: /browserstack-ai
/pricing - Exception: no protocol: /pricing
/users/sign_in - Exception: no protocol: /users/sign_in
/users/sign_up - Exception: no protocol: /users/sign_up
/guide - Exception: no protocol: /guide
# - Exception: no protocol: #
/guide - Exception: no protocol: /guide
/guide/category/testing-on-cloud - Exception: no protocol: /guide/category/testing-on-cloud
/guide/category/debugging - Exception: no protocol: /guide/category/debugging
/guide/category/best-practices - Exception: no protocol: /guide/category/best-practices
/guide/category/tools-frameworks - Exception: no protocol: /guide/category/tools-frameworks
/guide/category/tutorials - Exception: no protocol: /guide/category/tutorials
https://www.browserstack.com/contact?ref=guide-post-how-to-find-broken-links-in-selenium-get-a-demo#sales - OK
/users/sign_up?ref=guide-post-how-to-find-broken-links-in-selenium-free-trial - Exception: no protocol: /users/sign_up?ref=guide-post-how-to-find-broken-links-in-selenium-free-trial
/users/sign_up?ref=guide-hero-unit-exp1 - Exception: no protocol: /users/sign_up?ref=guide-hero-unit-exp1
/ - Exception: no protocol: /
/guide - Exception: no protocol: /guide
#toc0 - Exception: no protocol: #toc0
#toc1 - Exception: no protocol: #toc1
#toc2 - Exception: no protocol: #toc2
#toc3 - Exception: no protocol: #toc3
https://www.browserstack.com/guide/selenium-webdriver-tutorial - OK
https://www.browserstack.com/guide/what-is-browser-automation - OK
# - Exception: no protocol: #
https://www.browserstack.com/guide/manual-testing-tutorial - OK
/automate - Exception: no protocol: /automate
https://www.browserstack.com/guide/take-screenshots-in-selenium - OK
https://www.browserstack.com/guide/double-click-in-selenium - OK
# - Exception: no protocol: #
/users/sign_up?ref=guide-find-broken-links-in-selenium-mid&product=automate - Exception: no protocol: /users/sign_up?ref=guide-find-broken-links-in-selenium-mid&product=automate
/selenium - Exception: no protocol: /selenium
https://www.browserstack.com/guide/handling-tabs-in-selenium - OK
https://www.browserstack.com/selenium - OK
https://www.browserstack.com/ - OK
https://www.browserstack.com/users/sign_up - Forbidden - Broken link
https://www.browserstack.com/guide/tag/automation-testing - OK
https://www.browserstack.com/guide/tag/selenium - OK
https://www.browserstack.com/guide/tag/selenium-webdriver - OK
#toc0 - Exception: no protocol: #toc0
#toc1 - Exception: no protocol: #toc1
#toc2 - Exception: no protocol: #toc2
#toc3 - Exception: no protocol: #toc3
# - Exception: no protocol: #
https://www.linkedin.com/shareArticle?url=https%3A%2F%2Fwww.browserstack.com%2Fguide%2Fhow-to-find-broken-links-in-selenium - OK
https://twitter.com/share?url=https%3A%2F%2Fwww.browserstack.com%2Fguide%2Fhow-to-find-broken-links-in-selenium&text=How to find broken links in Selenium&via=browserstack - Bad Request - Broken link
https://web.whatsapp.com/send?text=How to find broken links in Selenium https%3A%2F%2Fwww.browserstack.com%2Fguide%2Fhow-to-find-broken-links-in-selenium - Bad Request - Broken link
# - Exception: no protocol: #
https://www.browserstack.com/guide/drag-and-drop-in-selenium - OK
https://www.browserstack.com/guide/alerts-and-popups-in-selenium - OK
https://www.browserstack.com/guide/selenium-webdriver-tricks - OK
/guide - Exception: no protocol: /guide
https://www.browserstack.com/guide/drag-and-drop-in-selenium - OK
https://www.browserstack.com/guide/alerts-and-popups-in-selenium - OK
https://www.browserstack.com/guide/selenium-webdriver-tricks - OK
https://www.browserstack.com/discord?ref=guide - OK
/live - Exception: no protocol: /live
/automate - Exception: no protocol: /automate
/automate-turboscale - Exception: no protocol: /automate-turboscale
/percy - Exception: no protocol: /percy
/app-live - Exception: no protocol: /app-live
/app-automate - Exception: no protocol: /app-automate
/app-percy - Exception: no protocol: /app-percy
/test-management - Exception: no protocol: /test-management
/test-reporting-and-analytics - Exception: no protocol: /test-reporting-and-analytics
/accessibility-testing - Exception: no protocol: /accessibility-testing
/accessibility-testing/features/automated-tests - Exception: no protocol: /accessibility-testing/features/automated-tests
/app-accessibility-testing - Exception: no protocol: /app-accessibility-testing
/low-code-automation - Exception: no protocol: /low-code-automation
/bug-capture - Exception: no protocol: /bug-capture
https://requestly.com - OK
/website-scanner - Exception: no protocol: /website-scanner
/customers - Exception: no protocol: /customers
/case-study - Exception: no protocol: /case-study
/list-of-browsers-and-platforms/live - Exception: no protocol: /list-of-browsers-and-platforms/live
/enterprise?ref=footer - Exception: no protocol: /enterprise?ref=footer
/data-centers - Exception: no protocol: /data-centers
/real-device-features - Exception: no protocol: /real-device-features
/security - Exception: no protocol: /security
/support - Exception: no protocol: /support
https://status.browserstack.com - OK
/release-notes - Exception: no protocol: /release-notes
https://www.browserstack.com/blog - OK
/events - Exception: no protocol: /events
/community - Exception: no protocol: /community
/meetups - Exception: no protocol: /meetups
/browserstack-champions - Exception: no protocol: /browserstack-champions
/guide - Exception: no protocol: /guide
/partners - Exception: no protocol: /partners
/partners/find-a-partner - Exception: no protocol: /partners/find-a-partner
/trust - Exception: no protocol: /trust
/test-university - Exception: no protocol: /test-university
/company - Exception: no protocol: /company
/careers - Exception: no protocol: /careers
/open-source - Exception: no protocol: /open-source
/press - Exception: no protocol: /press
/blog/tag/newsletter - Exception: no protocol: /blog/tag/newsletter
/ - Exception: no protocol: /
https://twitter.com/browserstack - Bad Request - Broken link
https://www.facebook.com/pages/BrowserStack/305988982776051 - OK
https://www.linkedin.com/company/browserstack/ - Request denied - Broken link
https://www.youtube.com/c/browserstack - OK
https://www.instagram.com/browserstack - OK
/discord?ref=footer - Exception: no protocol: /discord?ref=footer
/contact?ref=footer - Exception: no protocol: /contact?ref=footer
/cross-browser-testing - Exception: no protocol: /cross-browser-testing
/selenium - Exception: no protocol: /selenium
/test-management/what-is-test-management - Exception: no protocol: /test-management/what-is-test-management
/emulators-simulators - Exception: no protocol: /emulators-simulators
/mobile-app-testing - Exception: no protocol: /mobile-app-testing
/test-on-iphone - Exception: no protocol: /test-on-iphone
/test-on-ipad - Exception: no protocol: /test-on-ipad
/test-on-galaxy - Exception: no protocol: /test-on-galaxy
/test-in-internet-explorer - Exception: no protocol: /test-in-internet-explorer
/android-testing - Exception: no protocol: /android-testing
/ios-testing - Exception: no protocol: /ios-testing
/test-on-the-right-mobile-devices - Exception: no protocol: /test-on-the-right-mobile-devices
/mobile-browser-emulator - Exception: no protocol: /mobile-browser-emulator
/speedlab - Exception: no protocol: /speedlab
/screenshots - Exception: no protocol: /screenshots
/responsive - Exception: no protocol: /responsive
https://nightwatchjs.org - OK
/terms - Exception: no protocol: /terms
/privacy - Exception: no protocol: /privacy
/cookie-policy - Exception: no protocol: /cookie-policy
/sitemap - Exception: no protocol: /sitemap
/privacy - Exception: no protocol: /privacy
/privacy - Exception: no protocol: /privacy
/events - Exception: no protocol: /events
/case-study - Exception: no protocol: /case-study
/guide/calculate-test-automation-roi - Exception: no protocol: /guide/calculate-test-automation-roi
/events - Exception: no protocol: /events
/case-study - Exception: no protocol: /case-study
/guide/calculate-test-automation-roi - Exception: no protocol: /guide/calculate-test-automation-roi
]]></system-out>
    <system-err><![CDATA[SLF4J: Failed to load class "org.slf4j.impl.StaticLoggerBinder".
SLF4J: Defaulting to no-operation (NOP) logger implementation
SLF4J: See http://www.slf4j.org/codes.html#StaticLoggerBinder for further details.
May 24, 2025 12:35:05 PM org.openqa.selenium.devtools.CdpVersionFinder findNearestMatch
WARNING: Unable to find an exact match for CDP version 136, returning the closest version; found: 133; Please update to a Selenium version that supports CDP version 136
]]></system-err>
  </testcase>
</testsuite>