<?xml version="1.0" encoding="UTF-8"?>
<!-- Generated by org.testng.reporters.JUnitReportReporter -->
<testsuite hostname="DESKTOP-LOJOMDE" failures="0" tests="2" name="Task.AutomationApplication" time="18.255" errors="0" timestamp="2025-05-13T06:30:20 IST" skipped="0">
  <testcase classname="Task.AutomationApplication" name="validateOrderSuccessFull" time="12.245"/>
  <testcase classname="Task.AutomationApplication" name="LoginFailure" time="6.010"/>
</testsuite> <!-- Task.AutomationApplication -->
