<?xml version="1.0" encoding="UTF-8"?>
<!-- Generated by org.testng.reporters.JUnitReportReporter -->
<testsuite hostname="DESKTOP-LOJOMDE" failures="0" tests="1" name="automationPractice.FindBrokenLink" time="121.307" errors="0" timestamp="2025-05-24T12:02:07 IST" skipped="0">
  <testcase classname="automationPractice.FindBrokenLink" name="checkBrokenLinks" time="121.307"/>
</testsuite> <!-- automationPractice.FindBrokenLink -->
