<?xml version="1.0" encoding="UTF-8"?>
<!-- Generated by org.testng.reporters.JUnitReportReporter -->
<testsuite hostname="DESKTOP-LOJOMDE" failures="0" tests="1" name="automationPractice.AmazonePractice" time="11.394" errors="0" timestamp="2025-05-24T11:55:10 IST" skipped="0">
  <testcase classname="automationPractice.AmazonePractice" name="autoamteScenario" time="11.394"/>
</testsuite> <!-- automationPractice.AmazonePractice -->
