<?xml version="1.0" encoding="UTF-8"?>
<!-- Generated by org.testng.reporters.JUnitReportReporter -->
<testsuite hostname="DESKTOP-LOJOMDE" failures="0" tests="1" name="automationPractice.FindBrokenLink" time="33.065" errors="0" timestamp="2025-05-24T12:35:35 IST" skipped="0">
  <testcase classname="automationPractice.FindBrokenLink" name="checkBrokenLinks" time="33.065"/>
</testsuite> <!-- automationPractice.FindBrokenLink -->
